<?xml version="1.0" encoding="UTF-8"?>
<!-- Generated by org.testng.reporters.JUnitXMLReporter -->
<testsuite hostname="IM-RT-LP-121" name="Web Automation Tests" tests="1" failures="1" timestamp="16 Jan 2017 09:40:40 GMT" time="46.426" errors="0">
  <testcase name="Login_Invalid" time="34.542" classname="com.web.tests.WebTESTCASES.MySpaceTests">
    <failure type="java.lang.AssertionError" message="Failed due to Invalid Login credentials expected [true] but found [false]">
      <![CDATA[java.lang.AssertionError: Failed due to Invalid Login credentials expected [true] but found [false]
	at com.web.tests.myspace.login.Login.inValidCredentials(Login.java:73)
	at com.web.tests.WebTESTCASES.MySpaceTests.Login_Invalid(MySpaceTests.java:113)
... Removed 27 stack frames]]>
    </failure>
  </testcase> <!-- Login_Invalid -->
</testsuite> <!-- Web Automation Tests -->
