<?xml version="1.0" encoding="UTF-8"?>
<!-- Generated by org.testng.reporters.JUnitXMLReporter -->
<testsuite hostname="IM-RT-LP-074" name="Default test" tests="2" failures="0" timestamp="30 Dec 2016 11:08:14 GMT" time="0.066" errors="0">
  <testcase name="Login" time="0.0" classname="com.web.tests.WebTESTCASES.MySpaceTests">
    <skipped/>
  </testcase> <!-- Login -->
  <testcase name="Profile_Skills" time="0.0" classname="com.web.tests.WebTESTCASES.MySpaceTests">
    <skipped/>
  </testcase> <!-- Profile_Skills -->
</testsuite> <!-- Default test -->
